<?xml version="1.0" encoding="UTF-8"?>
<!-- Generated by org.testng.reporters.JUnitReportReporter -->
<testsuite skipped="0" hostname="LAPTOP-UJPDH0NO" name="com.testCases.TC_006" tests="1" failures="0" timestamp="2020-01-02T14:57:27 EST" time="2.959" errors="0">
  <testcase name="Shop" time="2.959" classname="com.testCases.TC_006"/>
</testsuite> <!-- com.testCases.TC_006 -->
