<?xml version="1.0" encoding="UTF-8"?>
<!-- Generated by org.testng.reporters.JUnitReportReporter -->
<testsuite skipped="0" hostname="LAPTOP-UJPDH0NO" name="com.testCases.TC_03" tests="1" failures="0" timestamp="2020-01-01T01:19:17 EST" time="1.460" errors="0">
  <testcase name="View" time="1.460" classname="com.testCases.TC_03"/>
</testsuite> <!-- com.testCases.TC_03 -->
