<?xml version="1.0" encoding="UTF-8"?>
<!-- Generated by org.testng.reporters.JUnitReportReporter -->
<testsuite skipped="0" hostname="LAPTOP-UJPDH0NO" name="com.testCases.TC_001" tests="1" failures="0" timestamp="2020-01-02T16:59:10 EST" time="0.918" errors="0">
  <testcase name="View" time="0.918" classname="com.testCases.TC_001"/>
</testsuite> <!-- com.testCases.TC_001 -->
