<?xml version="1.0" encoding="UTF-8"?>
<!-- Generated by org.testng.reporters.JUnitReportReporter -->
<testsuite skipped="0" hostname="LAPTOP-UJPDH0NO" name="com.testCases.TC_007" tests="1" failures="0" timestamp="2020-01-02T14:57:27 EST" time="9.144" errors="0">
  <testcase name="Shop" time="9.144" classname="com.testCases.TC_007"/>
</testsuite> <!-- com.testCases.TC_007 -->
