<?xml version="1.0" encoding="UTF-8"?>
<!-- Generated by org.testng.reporters.JUnitReportReporter -->
<testsuite skipped="0" hostname="LAPTOP-UJPDH0NO" name="com.testCases.TC_005" tests="1" failures="0" timestamp="2020-01-02T12:03:17 EST" time="8.444" errors="0">
  <testcase name="View" time="8.444" classname="com.testCases.TC_005"/>
</testsuite> <!-- com.testCases.TC_005 -->
